

<!DOCTYPE html>
<html>
<head>
<meta charset="UTF-8">
<meta name="viewport" content="width=device-width, initial-scale=1, shrink-to-fit=no">
<title>RecipePage Report</title>
<link rel="apple-touch-icon" href="https://cdn.jsdelivr.net/gh/extent-framework/extent-github-cdn@b00a2d0486596e73dd7326beacf352c639623a0e/commons/img/logo.png">
<link rel="shortcut icon" href="https://cdn.jsdelivr.net/gh/extent-framework/extent-github-cdn@b00a2d0486596e73dd7326beacf352c639623a0e/commons/img/logo.png">
<link href="https://cdn.jsdelivr.net/gh/extent-framework/extent-github-cdn@d6562a79075e061305ccfdb82f01e5e195e2d307/spark/css/spark-style.css" rel="stylesheet" />
<link href="https://stackpath.bootstrapcdn.com/font-awesome/4.7.0/css/font-awesome.min.css" rel="stylesheet">
<script src="https://cdn.jsdelivr.net/gh/extent-framework/extent-github-cdn@7cc78ce/spark/js/jsontree.js"></script>
<style type="text/css"></style></head><body class="spa -report dark">
  <div class="app">
    <div class="layout">
<div class="header navbar">
<div class="vheader">
<div class="nav-logo">
<a href="#">
<div class="logo" style="background-image: url('https://cdn.jsdelivr.net/gh/extent-framework/extent-github-cdn@b00a2d0486596e73dd7326beacf352c639623a0e/commons/img/logo.png')"></div>
</a>
</div>
<ul class="nav-left">
<li class="search-box">
<a class="search-toggle" href="#">
<i class="search-icon fa fa-search"></i>
<i class="search-icon-close fa fa-close"></i>
</a>
</li>
<li class="search-input"><input id="search-tests" class="form-control" type="text" placeholder="Search..."></li>
</ul>
<ul class="nav-right">
<li class="m-r-10">
<a href="#"><span class="badge badge-primary"> My Report
<img src='C:\Users\garvi\eclipse-workspace\RecipePage2\Logo\recipe-logo.png' />
</span></a>
</li>
<li class="m-r-10">
<a href="#"><span class="badge badge-primary">Aug 9, 2023 03:41:45 PM</span></a>
</li>
</ul>
</div>
</div><div class="side-nav">
<div class="side-nav-inner">
<ul class="side-nav-menu">
<li class="nav-item dropdown" onclick="toggleView('dashboard-view')">
<a id="nav-dashboard" class="dropdown-toggle" href="#">
<span class="ico"><i class="fa fa-bar-chart"></i></span>
</a>
</li>
<li class="nav-item dropdown" onclick="toggleView('test-view')">
<a id="nav-test" class="dropdown-toggle" href="#">
<span class="ico"><i class="fa fa-list"></i></span>
</a>
</li>
</ul>
</div>
</div>      <div class="vcontainer">
        <div class="main-content">
<div class="container-fluid p-4 view dashboard-view">
<div class="row">
<div class="col-md-3">
<div class="card"><div class="card-body">
<p class="m-b-0">Started</p>
<h3>Aug 9, 2023 03:41:45 PM</h3>
</div></div>
</div>
<div class="col-md-3">
<div class="card"><div class="card-body">
<p class="m-b-0">Ended</p>
<h3>Aug 9, 2023 03:44:58 PM</h3>
</div></div>
</div>
<div class="col-md-3">
<div class="card"><div class="card-body">
<p class="m-b-0 text-pass">Tests Passed</p>
<h3>5</h3>
</div></div>
</div>
<div class="col-md-3">
<div class="card"><div class="card-body">
<p class="m-b-0 text-fail">Tests Failed</p>
<h3>11</h3>
</div></div>
</div>
</div>
<div class="row">
<div class="col-md-6">
<div class="card">
<div class="card-header">
<h6 class="card-title">Tests</h6>
</div>
<div class="card-body">
<div class="">
<canvas id='parent-analysis' width='115' height='90'></canvas>
</div>
</div>
<div class="card-footer">
<div><small data-tooltip='31%'>
<b>5</b> tests passed
</small>
</div>
<div>
<small data-tooltip='68%'><b>11</b> tests failed,
<b>0</b> skipped, <b data-tooltip='0%'>0</b> others
</small>
</div>
</div>
</div>
</div>
<div class="col-md-6">
<div class="card">
<div class="card-header">
<h6 class="card-title">Log events</h6>
</div>
<div class="card-body">
<div class="">
<canvas id='events-analysis' width='115' height='90'></canvas>
</div>
</div>
<div class="card-footer">
<div><small data-tooltip='13%'><b>5</b> events passed</small></div>
<div>
<small data-tooltip='86%'><b>33</b> events failed,
<b data-tooltip='%'>0</b> others
</small>
</div>
</div>
</div>
</div>
</div>
<div class="row"><div class="col-md-12">
<div class="card"><div class="card-header"><p>Timeline</p></div>
<div class="card-body pt-0"><div>
<canvas id="timeline" height="120"></canvas>
</div></div>
</div>
</div></div>
<script>
var timeline = {
"HomePage_CartFucntionalityVerification":13.851,"HomePage_NewArrival":7.593,"HomePage_OurStorySection":9.351,"HomePage_PageHeaderVerification":5.485,"HomePage_ProductQuickviewVerification":16.789,"HomePage_SearchFucntionalityVerification":13.641,"HomePage_SendAMessageFunctionalityGuestUser":30.361,"HomePage_UserFunctionalityVerification":12.568,"HomePage_aboveAboutUsSection":19.149,"HomePage_askOurExpertSection":5.378,"HomePage_discountVoucherSection":4.693,"HomePage_endToEndGuestScenarioByClickingProductCartIconGuestUSer":7.024,"HomePage_endToEndGuestScenarioByClickingProductTileGuestUSer":15.516,"HomePage_endToEndGuestScenarioByClickingQuickViewGuestUSer":17.753,"HomePage_shoutOutFromCustomers":4.527,"TitleVerification":4.072
};
</script>
<div class="row">
<div class="col-lg-6 col-md-12 sysenv-container">
<div class="card">
<div class="card-header"><p>System/Environment</p></div>
<div class="card-body pb-0 pt-0"><table class="table table-sm table-bordered">
<thead><tr class="bg-gray"><th>Name</th><th>Value</th></tr></thead>
<tbody>
<tr>
<td>HostName</td>
<td>DotKonnekt</td>
</tr>
<tr>
<td>ProjectName</td>
<td>DotKonnektWebsite</td>
</tr>
<tr>
<td>Tester</td>
<td>Garvit</td>
</tr>
<tr>
<td>OS</td>
<td>Win10</td>
</tr>
<tr>
<td>Browser</td>
<td>Chrome</td>
</tr>
</tbody>
</table></div>
</div>
</div>
</div>
</div>
<script>
var statusGroup = {
parentCount: 5,
passParent: 5,
failParent: 11,
warningParent: 0,
skipParent: 0,
childCount: 5,
passChild: 0,
failChild: 0,
warningChild: 0,
skipChild: 0,
infoChild: 0,
grandChildCount: 5,
passGrandChild: 0,
failGrandChild: 0,
warningGrandChild: 0,
skipGrandChild: 0,
infoGrandChild: 0,
eventsCount: 5,
passEvents: 5,
failEvents: 33,
warningEvents: 0,
skipEvents: 0,
infoEvents: 0
};
</script><div class="test-wrapper row view test-view">
  <div class="test-list">
    <div class="test-list-tools">
<ul class="tools pull-left">
<li><a href="#"><span class="font-size-14">Tests</span></a></li>
</ul>
<ul class="tools text-right">
<li class="dropdown">
<a href="#" class="dropdown-toggle" data-toggle="dropdown"><i class="fa fa-exclamation-circle"></i></a>
<ul id="status-toggle" class="dropdown-menu dropdown-md p-v-0">
<a class="dropdown-item" status="pass" href="#"><span>Pass</span><span class="status success"></span></a>
<a class="dropdown-item" status="fail" href="#"><span>Fail</span><span class="status danger"></span></a>
<div class="dropdown-divider"></div>
<a status="clear" class="dropdown-item" href="#"><span>Clear</span><span class="pull-right"><i class="fa fa-close"></i></span></a>
</ul>
</li>
</ul>
</div>    <div class="test-list-wrapper scrollable">
      <ul class="test-list-item">
        <li class="test-item"  status="pass" test-id="1"
          author=""
          tag=""
          device="">
          <div class="test-detail">
            <p class="name">HomePage_CartFucntionalityVerification</p>
            <p class="text-sm">
              <span>3:41:47 PM</span> / <span>00:00:13:851</span>
              <span class="badge pass-bg log float-right">Pass</span>
            </p>
          </div>
          <div class="test-contents d-none">
<div class="detail-head">
<div class="p-v-10">
<div class="info">
<h5 class="test-status text-pass">HomePage_CartFucntionalityVerification</h5>
<span class='badge badge-success'>08.09.2023 3:41:47 PM</span>
<span class='badge badge-danger'>08.09.2023 3:42:01 PM</span>
<span class='badge badge-default'>00:00:13:851</span>
&middot; <span class='uri-anchor badge badge-default'>#test-id=1</span>
<span class='badge badge-default pointer float-right ml-1 et'><i class="fa fa-chevron-down"></i></span>
<span class='badge badge-default pointer float-right ct'><i class="fa fa-chevron-up"></i></span>
</div>
</div>
</div><div class="detail-body mt-4">
<table class="table table-sm">
  <thead><tr><th class="status-col">Status</th><th class="timestamp-col">Timestamp</th><th class="details-col">Details</th></tr></thead>
  <tbody>
      <tr class="event-row">
        <td><span class="badge log pass-bg">Pass</span></td>
        <td>3:42:01 PM</td>
        <td>
          Pass Test case is: HomePage_CartFucntionalityVerification
        </td>
      </tr>
  </tbody>
</table>
</div>
          </div>
        </li>
        <li class="test-item"  status="fail" test-id="2"
          author=""
          tag=""
          device="">
          <div class="test-detail">
            <p class="name">HomePage_NewArrival</p>
            <p class="text-sm">
              <span>3:42:01 PM</span> / <span>00:00:07:593</span>
              <span class="badge fail-bg log float-right">Fail</span>
            </p>
          </div>
          <div class="test-contents d-none">
<div class="detail-head">
<div class="p-v-10">
<div class="info">
<h5 class="test-status text-fail">HomePage_NewArrival</h5>
<span class='badge badge-success'>08.09.2023 3:42:01 PM</span>
<span class='badge badge-danger'>08.09.2023 3:42:09 PM</span>
<span class='badge badge-default'>00:00:07:593</span>
&middot; <span class='uri-anchor badge badge-default'>#test-id=2</span>
<span class='badge badge-default pointer float-right ml-1 et'><i class="fa fa-chevron-down"></i></span>
<span class='badge badge-default pointer float-right ct'><i class="fa fa-chevron-up"></i></span>
</div>
</div>
</div>    <div class="row mb-3"><div class="col-md-3">
<img data-featherlight='C:\Users\garvi\eclipse-workspace\DotFashion\Screenshots\HomePage_NewArrival_2023-08-09-03-42-08.png' src="C:\Users\garvi\eclipse-workspace\DotFashion\Screenshots\HomePage_NewArrival_2023-08-09-03-42-08.png">
    
    </div></div>
<div class="detail-body mt-4">
<table class="table table-sm">
  <thead><tr><th class="status-col">Status</th><th class="timestamp-col">Timestamp</th><th class="details-col">Details</th></tr></thead>
  <tbody>
      <tr class="event-row">
        <td><span class="badge log fail-bg">Fail</span></td>
        <td>3:42:08 PM</td>
        <td>
          <span class='badge white-text red'>HomePage_NewArrival - Test Case Failed</span>
        </td>
      </tr>
      <tr class="event-row">
        <td><span class="badge log fail-bg">Fail</span></td>
        <td>3:42:08 PM</td>
        <td>
          <span class='badge white-text red'>org.openqa.selenium.StaleElementReferenceException: stale element reference: stale element not found
  (Session info: chrome=115.0.5790.171)
For documentation on this error, please visit: https://selenium.dev/exceptions/#stale_element_reference
Build info: version: '4.9.0', revision: 'd7057100a6'
System info: os.name: 'Windows 11', os.arch: 'amd64', os.version: '10.0', java.version: '11.0.19'
Driver info: org.openqa.selenium.chrome.ChromeDriver
Command: [88970447382e13a659bc1d71003a8e8f, getElementAttribute {id=7171E7A59C71564A5F67E572051618CB_element_41, name=style}]
Capabilities {acceptInsecureCerts: false, browserName: chrome, browserVersion: 115.0.5790.171, chrome: {chromedriverVersion: 114.0.5735.90 (386bc09e8f4f..., userDataDir: C:\Users\piyus\AppData\Loca...}, goog:chromeOptions: {debuggerAddress: localhost:55580}, networkConnectionEnabled: false, pageLoadStrategy: normal, platformName: WINDOWS, proxy: Proxy(), se:cdp: ws://localhost:55580/devtoo..., se:cdpVersion: 115.0.5790.171, setWindowRect: true, strictFileInteractability: false, timeouts: {implicit: 0, pageLoad: 300000, script: 30000}, unhandledPromptBehavior: dismiss and notify, webauthn:extension:credBlob: true, webauthn:extension:largeBlob: true, webauthn:extension:minPinLength: true, webauthn:extension:prf: true, webauthn:virtualAuthenticators: true}
Element: [[ChromeDriver: chrome on WINDOWS (88970447382e13a659bc1d71003a8e8f)] -> xpath: //*[@id='sg-carouselSwiperSlide']/div/div[1]]
Session ID: 88970447382e13a659bc1d71003a8e8f - Test Case Failed</span>
        </td>
      </tr>
      <tr class="event-row">
        <td><span class="badge log fail-bg">Fail</span></td>
        <td>3:42:09 PM</td>
        <td>
          ScreenShot is Attached
        </td>
      </tr>
  </tbody>
</table>
</div>
          </div>
        </li>
        <li class="test-item"  status="pass" test-id="3"
          author=""
          tag=""
          device="">
          <div class="test-detail">
            <p class="name">HomePage_OurStorySection</p>
            <p class="text-sm">
              <span>3:42:09 PM</span> / <span>00:00:09:351</span>
              <span class="badge pass-bg log float-right">Pass</span>
            </p>
          </div>
          <div class="test-contents d-none">
<div class="detail-head">
<div class="p-v-10">
<div class="info">
<h5 class="test-status text-pass">HomePage_OurStorySection</h5>
<span class='badge badge-success'>08.09.2023 3:42:09 PM</span>
<span class='badge badge-danger'>08.09.2023 3:42:18 PM</span>
<span class='badge badge-default'>00:00:09:351</span>
&middot; <span class='uri-anchor badge badge-default'>#test-id=3</span>
<span class='badge badge-default pointer float-right ml-1 et'><i class="fa fa-chevron-down"></i></span>
<span class='badge badge-default pointer float-right ct'><i class="fa fa-chevron-up"></i></span>
</div>
</div>
</div><div class="detail-body mt-4">
<table class="table table-sm">
  <thead><tr><th class="status-col">Status</th><th class="timestamp-col">Timestamp</th><th class="details-col">Details</th></tr></thead>
  <tbody>
      <tr class="event-row">
        <td><span class="badge log pass-bg">Pass</span></td>
        <td>3:42:18 PM</td>
        <td>
          Pass Test case is: HomePage_OurStorySection
        </td>
      </tr>
  </tbody>
</table>
</div>
          </div>
        </li>
        <li class="test-item"  status="pass" test-id="4"
          author=""
          tag=""
          device="">
          <div class="test-detail">
            <p class="name">HomePage_PageHeaderVerification</p>
            <p class="text-sm">
              <span>3:42:19 PM</span> / <span>00:00:05:485</span>
              <span class="badge pass-bg log float-right">Pass</span>
            </p>
          </div>
          <div class="test-contents d-none">
<div class="detail-head">
<div class="p-v-10">
<div class="info">
<h5 class="test-status text-pass">HomePage_PageHeaderVerification</h5>
<span class='badge badge-success'>08.09.2023 3:42:19 PM</span>
<span class='badge badge-danger'>08.09.2023 3:42:24 PM</span>
<span class='badge badge-default'>00:00:05:485</span>
&middot; <span class='uri-anchor badge badge-default'>#test-id=4</span>
<span class='badge badge-default pointer float-right ml-1 et'><i class="fa fa-chevron-down"></i></span>
<span class='badge badge-default pointer float-right ct'><i class="fa fa-chevron-up"></i></span>
</div>
</div>
</div><div class="detail-body mt-4">
<table class="table table-sm">
  <thead><tr><th class="status-col">Status</th><th class="timestamp-col">Timestamp</th><th class="details-col">Details</th></tr></thead>
  <tbody>
      <tr class="event-row">
        <td><span class="badge log pass-bg">Pass</span></td>
        <td>3:42:24 PM</td>
        <td>
          Pass Test case is: HomePage_PageHeaderVerification
        </td>
      </tr>
  </tbody>
</table>
</div>
          </div>
        </li>
        <li class="test-item"  status="fail" test-id="5"
          author=""
          tag=""
          device="">
          <div class="test-detail">
            <p class="name">HomePage_ProductQuickviewVerification</p>
            <p class="text-sm">
              <span>3:42:24 PM</span> / <span>00:00:16:789</span>
              <span class="badge fail-bg log float-right">Fail</span>
            </p>
          </div>
          <div class="test-contents d-none">
<div class="detail-head">
<div class="p-v-10">
<div class="info">
<h5 class="test-status text-fail">HomePage_ProductQuickviewVerification</h5>
<span class='badge badge-success'>08.09.2023 3:42:24 PM</span>
<span class='badge badge-danger'>08.09.2023 3:42:41 PM</span>
<span class='badge badge-default'>00:00:16:789</span>
&middot; <span class='uri-anchor badge badge-default'>#test-id=5</span>
<span class='badge badge-default pointer float-right ml-1 et'><i class="fa fa-chevron-down"></i></span>
<span class='badge badge-default pointer float-right ct'><i class="fa fa-chevron-up"></i></span>
</div>
</div>
</div>    <div class="row mb-3"><div class="col-md-3">
<img data-featherlight='C:\Users\garvi\eclipse-workspace\DotFashion\Screenshots\HomePage_ProductQuickviewVerification_2023-08-09-03-42-41.png' src="C:\Users\garvi\eclipse-workspace\DotFashion\Screenshots\HomePage_ProductQuickviewVerification_2023-08-09-03-42-41.png">
    
    </div></div>
<div class="detail-body mt-4">
<table class="table table-sm">
  <thead><tr><th class="status-col">Status</th><th class="timestamp-col">Timestamp</th><th class="details-col">Details</th></tr></thead>
  <tbody>
      <tr class="event-row">
        <td><span class="badge log fail-bg">Fail</span></td>
        <td>3:42:41 PM</td>
        <td>
          <span class='badge white-text red'>HomePage_ProductQuickviewVerification - Test Case Failed</span>
        </td>
      </tr>
      <tr class="event-row">
        <td><span class="badge log fail-bg">Fail</span></td>
        <td>3:42:41 PM</td>
        <td>
          <span class='badge white-text red'>org.openqa.selenium.NoSuchElementException: no such element: Unable to locate element: {"method":"xpath","selector":"//*[@id='sg-counterCountInput']"}
  (Session info: chrome=115.0.5790.171)
For documentation on this error, please visit: https://selenium.dev/exceptions/#no_such_element
Build info: version: '4.9.0', revision: 'd7057100a6'
System info: os.name: 'Windows 11', os.arch: 'amd64', os.version: '10.0', java.version: '11.0.19'
Driver info: org.openqa.selenium.chrome.ChromeDriver
Command: [429a4e5807d337a5071eca1f91d6934e, findElement {using=xpath, value=//*[@id='sg-counterCountInput']}]
Capabilities {acceptInsecureCerts: false, browserName: chrome, browserVersion: 115.0.5790.171, chrome: {chromedriverVersion: 114.0.5735.90 (386bc09e8f4f..., userDataDir: C:\Users\piyus\AppData\Loca...}, goog:chromeOptions: {debuggerAddress: localhost:55702}, networkConnectionEnabled: false, pageLoadStrategy: normal, platformName: WINDOWS, proxy: Proxy(), se:cdp: ws://localhost:55702/devtoo..., se:cdpVersion: 115.0.5790.171, setWindowRect: true, strictFileInteractability: false, timeouts: {implicit: 0, pageLoad: 300000, script: 30000}, unhandledPromptBehavior: dismiss and notify, webauthn:extension:credBlob: true, webauthn:extension:largeBlob: true, webauthn:extension:minPinLength: true, webauthn:extension:prf: true, webauthn:virtualAuthenticators: true}
Session ID: 429a4e5807d337a5071eca1f91d6934e - Test Case Failed</span>
        </td>
      </tr>
      <tr class="event-row">
        <td><span class="badge log fail-bg">Fail</span></td>
        <td>3:42:41 PM</td>
        <td>
          ScreenShot is Attached
        </td>
      </tr>
  </tbody>
</table>
</div>
          </div>
        </li>
        <li class="test-item"  status="fail" test-id="6"
          author=""
          tag=""
          device="">
          <div class="test-detail">
            <p class="name">HomePage_SearchFucntionalityVerification</p>
            <p class="text-sm">
              <span>3:42:41 PM</span> / <span>00:00:13:641</span>
              <span class="badge fail-bg log float-right">Fail</span>
            </p>
          </div>
          <div class="test-contents d-none">
<div class="detail-head">
<div class="p-v-10">
<div class="info">
<h5 class="test-status text-fail">HomePage_SearchFucntionalityVerification</h5>
<span class='badge badge-success'>08.09.2023 3:42:41 PM</span>
<span class='badge badge-danger'>08.09.2023 3:42:55 PM</span>
<span class='badge badge-default'>00:00:13:641</span>
&middot; <span class='uri-anchor badge badge-default'>#test-id=6</span>
<span class='badge badge-default pointer float-right ml-1 et'><i class="fa fa-chevron-down"></i></span>
<span class='badge badge-default pointer float-right ct'><i class="fa fa-chevron-up"></i></span>
</div>
</div>
</div>    <div class="row mb-3"><div class="col-md-3">
<img data-featherlight='C:\Users\garvi\eclipse-workspace\DotFashion\Screenshots\HomePage_SearchFucntionalityVerification_2023-08-09-03-42-55.png' src="C:\Users\garvi\eclipse-workspace\DotFashion\Screenshots\HomePage_SearchFucntionalityVerification_2023-08-09-03-42-55.png">
    
    </div></div>
<div class="detail-body mt-4">
<table class="table table-sm">
  <thead><tr><th class="status-col">Status</th><th class="timestamp-col">Timestamp</th><th class="details-col">Details</th></tr></thead>
  <tbody>
      <tr class="event-row">
        <td><span class="badge log fail-bg">Fail</span></td>
        <td>3:42:55 PM</td>
        <td>
          <span class='badge white-text red'>HomePage_SearchFucntionalityVerification - Test Case Failed</span>
        </td>
      </tr>
      <tr class="event-row">
        <td><span class="badge log fail-bg">Fail</span></td>
        <td>3:42:55 PM</td>
        <td>
          <span class='badge white-text red'>org.openqa.selenium.TimeoutException: Expected condition failed: waiting for title to be "dotkonnekt". Current title: "drupalpoc" (tried for 5 second(s) with 500 milliseconds interval)
Build info: version: '4.9.0', revision: 'd7057100a6'
System info: os.name: 'Windows 11', os.arch: 'amd64', os.version: '10.0', java.version: '11.0.19'
Driver info: org.openqa.selenium.chrome.ChromeDriver
Capabilities {acceptInsecureCerts: false, browserName: chrome, browserVersion: 115.0.5790.171, chrome: {chromedriverVersion: 114.0.5735.90 (386bc09e8f4f..., userDataDir: C:\Users\piyus\AppData\Loca...}, goog:chromeOptions: {debuggerAddress: localhost:55753}, networkConnectionEnabled: false, pageLoadStrategy: normal, platformName: WINDOWS, proxy: Proxy(), se:cdp: ws://localhost:55753/devtoo..., se:cdpVersion: 115.0.5790.171, setWindowRect: true, strictFileInteractability: false, timeouts: {implicit: 0, pageLoad: 300000, script: 30000}, unhandledPromptBehavior: dismiss and notify, webauthn:extension:credBlob: true, webauthn:extension:largeBlob: true, webauthn:extension:minPinLength: true, webauthn:extension:prf: true, webauthn:virtualAuthenticators: true}
Session ID: eb3a5d40667e80f3d1e52cff0be369ec - Test Case Failed</span>
        </td>
      </tr>
      <tr class="event-row">
        <td><span class="badge log fail-bg">Fail</span></td>
        <td>3:42:55 PM</td>
        <td>
          ScreenShot is Attached
        </td>
      </tr>
  </tbody>
</table>
</div>
          </div>
        </li>
        <li class="test-item"  status="fail" test-id="7"
          author=""
          tag=""
          device="">
          <div class="test-detail">
            <p class="name">HomePage_SendAMessageFunctionalityGuestUser</p>
            <p class="text-sm">
              <span>3:42:55 PM</span> / <span>00:00:30:361</span>
              <span class="badge fail-bg log float-right">Fail</span>
            </p>
          </div>
          <div class="test-contents d-none">
<div class="detail-head">
<div class="p-v-10">
<div class="info">
<h5 class="test-status text-fail">HomePage_SendAMessageFunctionalityGuestUser</h5>
<span class='badge badge-success'>08.09.2023 3:42:55 PM</span>
<span class='badge badge-danger'>08.09.2023 3:43:26 PM</span>
<span class='badge badge-default'>00:00:30:361</span>
&middot; <span class='uri-anchor badge badge-default'>#test-id=7</span>
<span class='badge badge-default pointer float-right ml-1 et'><i class="fa fa-chevron-down"></i></span>
<span class='badge badge-default pointer float-right ct'><i class="fa fa-chevron-up"></i></span>
</div>
</div>
</div>    <div class="row mb-3"><div class="col-md-3">
<img data-featherlight='C:\Users\garvi\eclipse-workspace\DotFashion\Screenshots\HomePage_SendAMessageFunctionalityGuestUser_2023-08-09-03-43-25.png' src="C:\Users\garvi\eclipse-workspace\DotFashion\Screenshots\HomePage_SendAMessageFunctionalityGuestUser_2023-08-09-03-43-25.png">
    
    </div></div>
<div class="detail-body mt-4">
<table class="table table-sm">
  <thead><tr><th class="status-col">Status</th><th class="timestamp-col">Timestamp</th><th class="details-col">Details</th></tr></thead>
  <tbody>
      <tr class="event-row">
        <td><span class="badge log fail-bg">Fail</span></td>
        <td>3:43:25 PM</td>
        <td>
          <span class='badge white-text red'>HomePage_SendAMessageFunctionalityGuestUser - Test Case Failed</span>
        </td>
      </tr>
      <tr class="event-row">
        <td><span class="badge log fail-bg">Fail</span></td>
        <td>3:43:25 PM</td>
        <td>
          <span class='badge white-text red'>org.openqa.selenium.NoSuchElementException: no such element: Unable to locate element: {"method":"xpath","selector":"//*[@id='sg-askExpertModalTypography4']"}
  (Session info: chrome=115.0.5790.171)
For documentation on this error, please visit: https://selenium.dev/exceptions/#no_such_element
Build info: version: '4.9.0', revision: 'd7057100a6'
System info: os.name: 'Windows 11', os.arch: 'amd64', os.version: '10.0', java.version: '11.0.19'
Driver info: org.openqa.selenium.chrome.ChromeDriver
Command: [97e107c0de4e2e747bae81a745f97d14, findElement {using=xpath, value=//*[@id='sg-askExpertModalTypography4']}]
Capabilities {acceptInsecureCerts: false, browserName: chrome, browserVersion: 115.0.5790.171, chrome: {chromedriverVersion: 114.0.5735.90 (386bc09e8f4f..., userDataDir: C:\Users\piyus\AppData\Loca...}, goog:chromeOptions: {debuggerAddress: localhost:55792}, networkConnectionEnabled: false, pageLoadStrategy: normal, platformName: WINDOWS, proxy: Proxy(), se:cdp: ws://localhost:55792/devtoo..., se:cdpVersion: 115.0.5790.171, setWindowRect: true, strictFileInteractability: false, timeouts: {implicit: 0, pageLoad: 300000, script: 30000}, unhandledPromptBehavior: dismiss and notify, webauthn:extension:credBlob: true, webauthn:extension:largeBlob: true, webauthn:extension:minPinLength: true, webauthn:extension:prf: true, webauthn:virtualAuthenticators: true}
Session ID: 97e107c0de4e2e747bae81a745f97d14 - Test Case Failed</span>
        </td>
      </tr>
      <tr class="event-row">
        <td><span class="badge log fail-bg">Fail</span></td>
        <td>3:43:26 PM</td>
        <td>
          ScreenShot is Attached
        </td>
      </tr>
  </tbody>
</table>
</div>
          </div>
        </li>
        <li class="test-item"  status="fail" test-id="8"
          author=""
          tag=""
          device="">
          <div class="test-detail">
            <p class="name">HomePage_UserFunctionalityVerification</p>
            <p class="text-sm">
              <span>3:43:26 PM</span> / <span>00:00:12:568</span>
              <span class="badge fail-bg log float-right">Fail</span>
            </p>
          </div>
          <div class="test-contents d-none">
<div class="detail-head">
<div class="p-v-10">
<div class="info">
<h5 class="test-status text-fail">HomePage_UserFunctionalityVerification</h5>
<span class='badge badge-success'>08.09.2023 3:43:26 PM</span>
<span class='badge badge-danger'>08.09.2023 3:43:38 PM</span>
<span class='badge badge-default'>00:00:12:568</span>
&middot; <span class='uri-anchor badge badge-default'>#test-id=8</span>
<span class='badge badge-default pointer float-right ml-1 et'><i class="fa fa-chevron-down"></i></span>
<span class='badge badge-default pointer float-right ct'><i class="fa fa-chevron-up"></i></span>
</div>
</div>
</div>    <div class="row mb-3"><div class="col-md-3">
<img data-featherlight='C:\Users\garvi\eclipse-workspace\DotFashion\Screenshots\HomePage_UserFunctionalityVerification_2023-08-09-03-43-38.png' src="C:\Users\garvi\eclipse-workspace\DotFashion\Screenshots\HomePage_UserFunctionalityVerification_2023-08-09-03-43-38.png">
    
    </div></div>
<div class="detail-body mt-4">
<table class="table table-sm">
  <thead><tr><th class="status-col">Status</th><th class="timestamp-col">Timestamp</th><th class="details-col">Details</th></tr></thead>
  <tbody>
      <tr class="event-row">
        <td><span class="badge log fail-bg">Fail</span></td>
        <td>3:43:38 PM</td>
        <td>
          <span class='badge white-text red'>HomePage_UserFunctionalityVerification - Test Case Failed</span>
        </td>
      </tr>
      <tr class="event-row">
        <td><span class="badge log fail-bg">Fail</span></td>
        <td>3:43:38 PM</td>
        <td>
          <span class='badge white-text red'>org.openqa.selenium.TimeoutException: Expected condition failed: waiting for title to be "dotkonnekt". Current title: "drupalpoc" (tried for 5 second(s) with 500 milliseconds interval)
Build info: version: '4.9.0', revision: 'd7057100a6'
System info: os.name: 'Windows 11', os.arch: 'amd64', os.version: '10.0', java.version: '11.0.19'
Driver info: org.openqa.selenium.chrome.ChromeDriver
Capabilities {acceptInsecureCerts: false, browserName: chrome, browserVersion: 115.0.5790.171, chrome: {chromedriverVersion: 114.0.5735.90 (386bc09e8f4f..., userDataDir: C:\Users\piyus\AppData\Loca...}, goog:chromeOptions: {debuggerAddress: localhost:55854}, networkConnectionEnabled: false, pageLoadStrategy: normal, platformName: WINDOWS, proxy: Proxy(), se:cdp: ws://localhost:55854/devtoo..., se:cdpVersion: 115.0.5790.171, setWindowRect: true, strictFileInteractability: false, timeouts: {implicit: 0, pageLoad: 300000, script: 30000}, unhandledPromptBehavior: dismiss and notify, webauthn:extension:credBlob: true, webauthn:extension:largeBlob: true, webauthn:extension:minPinLength: true, webauthn:extension:prf: true, webauthn:virtualAuthenticators: true}
Session ID: c28ae0312c85d998e6c7d2f0c324c260 - Test Case Failed</span>
        </td>
      </tr>
      <tr class="event-row">
        <td><span class="badge log fail-bg">Fail</span></td>
        <td>3:43:38 PM</td>
        <td>
          ScreenShot is Attached
        </td>
      </tr>
  </tbody>
</table>
</div>
          </div>
        </li>
        <li class="test-item"  status="fail" test-id="9"
          author=""
          tag=""
          device="">
          <div class="test-detail">
            <p class="name">HomePage_aboveAboutUsSection</p>
            <p class="text-sm">
              <span>3:43:39 PM</span> / <span>00:00:19:149</span>
              <span class="badge fail-bg log float-right">Fail</span>
            </p>
          </div>
          <div class="test-contents d-none">
<div class="detail-head">
<div class="p-v-10">
<div class="info">
<h5 class="test-status text-fail">HomePage_aboveAboutUsSection</h5>
<span class='badge badge-success'>08.09.2023 3:43:39 PM</span>
<span class='badge badge-danger'>08.09.2023 3:43:58 PM</span>
<span class='badge badge-default'>00:00:19:149</span>
&middot; <span class='uri-anchor badge badge-default'>#test-id=9</span>
<span class='badge badge-default pointer float-right ml-1 et'><i class="fa fa-chevron-down"></i></span>
<span class='badge badge-default pointer float-right ct'><i class="fa fa-chevron-up"></i></span>
</div>
</div>
</div>    <div class="row mb-3"><div class="col-md-3">
<img data-featherlight='C:\Users\garvi\eclipse-workspace\DotFashion\Screenshots\HomePage_aboveAboutUsSection_2023-08-09-03-43-57.png' src="C:\Users\garvi\eclipse-workspace\DotFashion\Screenshots\HomePage_aboveAboutUsSection_2023-08-09-03-43-57.png">
    
    </div></div>
<div class="detail-body mt-4">
<table class="table table-sm">
  <thead><tr><th class="status-col">Status</th><th class="timestamp-col">Timestamp</th><th class="details-col">Details</th></tr></thead>
  <tbody>
      <tr class="event-row">
        <td><span class="badge log fail-bg">Fail</span></td>
        <td>3:43:57 PM</td>
        <td>
          <span class='badge white-text red'>HomePage_aboveAboutUsSection - Test Case Failed</span>
        </td>
      </tr>
      <tr class="event-row">
        <td><span class="badge log fail-bg">Fail</span></td>
        <td>3:43:57 PM</td>
        <td>
          <span class='badge white-text red'>org.openqa.selenium.NoSuchElementException: no such element: Unable to locate element: {"method":"xpath","selector":"//img[@id='sg-courseStoryImage']"}
  (Session info: chrome=115.0.5790.171)
For documentation on this error, please visit: https://selenium.dev/exceptions/#no_such_element
Build info: version: '4.9.0', revision: 'd7057100a6'
System info: os.name: 'Windows 11', os.arch: 'amd64', os.version: '10.0', java.version: '11.0.19'
Driver info: org.openqa.selenium.chrome.ChromeDriver
Command: [8c91daae0fe7a9c4fa018e8221b9b7f6, findElement {using=xpath, value=//img[@id='sg-courseStoryImage']}]
Capabilities {acceptInsecureCerts: false, browserName: chrome, browserVersion: 115.0.5790.171, chrome: {chromedriverVersion: 114.0.5735.90 (386bc09e8f4f..., userDataDir: C:\Users\piyus\AppData\Loca...}, goog:chromeOptions: {debuggerAddress: localhost:55900}, networkConnectionEnabled: false, pageLoadStrategy: normal, platformName: WINDOWS, proxy: Proxy(), se:cdp: ws://localhost:55900/devtoo..., se:cdpVersion: 115.0.5790.171, setWindowRect: true, strictFileInteractability: false, timeouts: {implicit: 0, pageLoad: 300000, script: 30000}, unhandledPromptBehavior: dismiss and notify, webauthn:extension:credBlob: true, webauthn:extension:largeBlob: true, webauthn:extension:minPinLength: true, webauthn:extension:prf: true, webauthn:virtualAuthenticators: true}
Session ID: 8c91daae0fe7a9c4fa018e8221b9b7f6 - Test Case Failed</span>
        </td>
      </tr>
      <tr class="event-row">
        <td><span class="badge log fail-bg">Fail</span></td>
        <td>3:43:58 PM</td>
        <td>
          ScreenShot is Attached
        </td>
      </tr>
  </tbody>
</table>
</div>
          </div>
        </li>
        <li class="test-item"  status="fail" test-id="10"
          author=""
          tag=""
          device="">
          <div class="test-detail">
            <p class="name">HomePage_askOurExpertSection</p>
            <p class="text-sm">
              <span>3:43:58 PM</span> / <span>00:00:05:378</span>
              <span class="badge fail-bg log float-right">Fail</span>
            </p>
          </div>
          <div class="test-contents d-none">
<div class="detail-head">
<div class="p-v-10">
<div class="info">
<h5 class="test-status text-fail">HomePage_askOurExpertSection</h5>
<span class='badge badge-success'>08.09.2023 3:43:58 PM</span>
<span class='badge badge-danger'>08.09.2023 3:44:03 PM</span>
<span class='badge badge-default'>00:00:05:378</span>
&middot; <span class='uri-anchor badge badge-default'>#test-id=10</span>
<span class='badge badge-default pointer float-right ml-1 et'><i class="fa fa-chevron-down"></i></span>
<span class='badge badge-default pointer float-right ct'><i class="fa fa-chevron-up"></i></span>
</div>
</div>
</div>    <div class="row mb-3"><div class="col-md-3">
<img data-featherlight='C:\Users\garvi\eclipse-workspace\DotFashion\Screenshots\HomePage_askOurExpertSection_2023-08-09-03-44-03.png' src="C:\Users\garvi\eclipse-workspace\DotFashion\Screenshots\HomePage_askOurExpertSection_2023-08-09-03-44-03.png">
    
    </div></div>
<div class="detail-body mt-4">
<table class="table table-sm">
  <thead><tr><th class="status-col">Status</th><th class="timestamp-col">Timestamp</th><th class="details-col">Details</th></tr></thead>
  <tbody>
      <tr class="event-row">
        <td><span class="badge log fail-bg">Fail</span></td>
        <td>3:44:03 PM</td>
        <td>
          <span class='badge white-text red'>HomePage_askOurExpertSection - Test Case Failed</span>
        </td>
      </tr>
      <tr class="event-row">
        <td><span class="badge log fail-bg">Fail</span></td>
        <td>3:44:03 PM</td>
        <td>
          <span class='badge white-text red'>java.lang.AssertionError: East icon is enabled it should be disabled expected [color: rgb(0,0,0);] but found [color: rgb(0, 0, 0);] - Test Case Failed</span>
        </td>
      </tr>
      <tr class="event-row">
        <td><span class="badge log fail-bg">Fail</span></td>
        <td>3:44:03 PM</td>
        <td>
          ScreenShot is Attached
        </td>
      </tr>
  </tbody>
</table>
</div>
          </div>
        </li>
        <li class="test-item"  status="pass" test-id="11"
          author=""
          tag=""
          device="">
          <div class="test-detail">
            <p class="name">HomePage_discountVoucherSection</p>
            <p class="text-sm">
              <span>3:44:04 PM</span> / <span>00:00:04:693</span>
              <span class="badge pass-bg log float-right">Pass</span>
            </p>
          </div>
          <div class="test-contents d-none">
<div class="detail-head">
<div class="p-v-10">
<div class="info">
<h5 class="test-status text-pass">HomePage_discountVoucherSection</h5>
<span class='badge badge-success'>08.09.2023 3:44:04 PM</span>
<span class='badge badge-danger'>08.09.2023 3:44:08 PM</span>
<span class='badge badge-default'>00:00:04:693</span>
&middot; <span class='uri-anchor badge badge-default'>#test-id=11</span>
<span class='badge badge-default pointer float-right ml-1 et'><i class="fa fa-chevron-down"></i></span>
<span class='badge badge-default pointer float-right ct'><i class="fa fa-chevron-up"></i></span>
</div>
</div>
</div><div class="detail-body mt-4">
<table class="table table-sm">
  <thead><tr><th class="status-col">Status</th><th class="timestamp-col">Timestamp</th><th class="details-col">Details</th></tr></thead>
  <tbody>
      <tr class="event-row">
        <td><span class="badge log pass-bg">Pass</span></td>
        <td>3:44:08 PM</td>
        <td>
          Pass Test case is: HomePage_discountVoucherSection
        </td>
      </tr>
  </tbody>
</table>
</div>
          </div>
        </li>
        <li class="test-item"  status="fail" test-id="12"
          author=""
          tag=""
          device="">
          <div class="test-detail">
            <p class="name">HomePage_endToEndGuestScenarioByClickingProductCartIconGuestUSer</p>
            <p class="text-sm">
              <span>3:44:08 PM</span> / <span>00:00:07:024</span>
              <span class="badge fail-bg log float-right">Fail</span>
            </p>
          </div>
          <div class="test-contents d-none">
<div class="detail-head">
<div class="p-v-10">
<div class="info">
<h5 class="test-status text-fail">HomePage_endToEndGuestScenarioByClickingProductCartIconGuestUSer</h5>
<span class='badge badge-success'>08.09.2023 3:44:08 PM</span>
<span class='badge badge-danger'>08.09.2023 3:44:16 PM</span>
<span class='badge badge-default'>00:00:07:024</span>
&middot; <span class='uri-anchor badge badge-default'>#test-id=12</span>
<span class='badge badge-default pointer float-right ml-1 et'><i class="fa fa-chevron-down"></i></span>
<span class='badge badge-default pointer float-right ct'><i class="fa fa-chevron-up"></i></span>
</div>
</div>
</div>    <div class="row mb-3"><div class="col-md-3">
<img data-featherlight='C:\Users\garvi\eclipse-workspace\DotFashion\Screenshots\HomePage_endToEndGuestScenarioByClickingProductCartIconGuestUSer_2023-08-09-03-44-15.png' src="C:\Users\garvi\eclipse-workspace\DotFashion\Screenshots\HomePage_endToEndGuestScenarioByClickingProductCartIconGuestUSer_2023-08-09-03-44-15.png">
    
    </div></div>
<div class="detail-body mt-4">
<table class="table table-sm">
  <thead><tr><th class="status-col">Status</th><th class="timestamp-col">Timestamp</th><th class="details-col">Details</th></tr></thead>
  <tbody>
      <tr class="event-row">
        <td><span class="badge log fail-bg">Fail</span></td>
        <td>3:44:15 PM</td>
        <td>
          <span class='badge white-text red'>HomePage_endToEndGuestScenarioByClickingProductCartIconGuestUSer - Test Case Failed</span>
        </td>
      </tr>
      <tr class="event-row">
        <td><span class="badge log fail-bg">Fail</span></td>
        <td>3:44:15 PM</td>
        <td>
          <span class='badge white-text red'>org.openqa.selenium.StaleElementReferenceException: stale element reference: stale element not found
  (Session info: chrome=115.0.5790.171)
For documentation on this error, please visit: https://selenium.dev/exceptions/#stale_element_reference
Build info: version: '4.9.0', revision: 'd7057100a6'
System info: os.name: 'Windows 11', os.arch: 'amd64', os.version: '10.0', java.version: '11.0.19'
Driver info: org.openqa.selenium.chrome.ChromeDriver
Command: [eae220d20343d32997bd6a5377edb144, isElementEnabled {id=92908E4506E6D3B463600442C7698A52_element_40}]
Capabilities {acceptInsecureCerts: false, browserName: chrome, browserVersion: 115.0.5790.171, chrome: {chromedriverVersion: 114.0.5735.90 (386bc09e8f4f..., userDataDir: C:\Users\piyus\AppData\Loca...}, goog:chromeOptions: {debuggerAddress: localhost:56033}, networkConnectionEnabled: false, pageLoadStrategy: normal, platformName: WINDOWS, proxy: Proxy(), se:cdp: ws://localhost:56033/devtoo..., se:cdpVersion: 115.0.5790.171, setWindowRect: true, strictFileInteractability: false, timeouts: {implicit: 0, pageLoad: 300000, script: 30000}, unhandledPromptBehavior: dismiss and notify, webauthn:extension:credBlob: true, webauthn:extension:largeBlob: true, webauthn:extension:minPinLength: true, webauthn:extension:prf: true, webauthn:virtualAuthenticators: true}
Element: [[ChromeDriver: chrome on WINDOWS (eae220d20343d32997bd6a5377edb144)] -> xpath: //*[@id='sg-productCardBlogBoxes']/button]
Session ID: eae220d20343d32997bd6a5377edb144 - Test Case Failed</span>
        </td>
      </tr>
      <tr class="event-row">
        <td><span class="badge log fail-bg">Fail</span></td>
        <td>3:44:16 PM</td>
        <td>
          ScreenShot is Attached
        </td>
      </tr>
  </tbody>
</table>
</div>
          </div>
        </li>
        <li class="test-item"  status="fail" test-id="13"
          author=""
          tag=""
          device="">
          <div class="test-detail">
            <p class="name">HomePage_endToEndGuestScenarioByClickingProductTileGuestUSer</p>
            <p class="text-sm">
              <span>3:44:16 PM</span> / <span>00:00:15:516</span>
              <span class="badge fail-bg log float-right">Fail</span>
            </p>
          </div>
          <div class="test-contents d-none">
<div class="detail-head">
<div class="p-v-10">
<div class="info">
<h5 class="test-status text-fail">HomePage_endToEndGuestScenarioByClickingProductTileGuestUSer</h5>
<span class='badge badge-success'>08.09.2023 3:44:16 PM</span>
<span class='badge badge-danger'>08.09.2023 3:44:31 PM</span>
<span class='badge badge-default'>00:00:15:516</span>
&middot; <span class='uri-anchor badge badge-default'>#test-id=13</span>
<span class='badge badge-default pointer float-right ml-1 et'><i class="fa fa-chevron-down"></i></span>
<span class='badge badge-default pointer float-right ct'><i class="fa fa-chevron-up"></i></span>
</div>
</div>
</div>    <div class="row mb-3"><div class="col-md-3">
<img data-featherlight='C:\Users\garvi\eclipse-workspace\DotFashion\Screenshots\HomePage_endToEndGuestScenarioByClickingProductTileGuestUSer_2023-08-09-03-44-31.png' src="C:\Users\garvi\eclipse-workspace\DotFashion\Screenshots\HomePage_endToEndGuestScenarioByClickingProductTileGuestUSer_2023-08-09-03-44-31.png">
    
    </div></div>
<div class="detail-body mt-4">
<table class="table table-sm">
  <thead><tr><th class="status-col">Status</th><th class="timestamp-col">Timestamp</th><th class="details-col">Details</th></tr></thead>
  <tbody>
      <tr class="event-row">
        <td><span class="badge log fail-bg">Fail</span></td>
        <td>3:44:31 PM</td>
        <td>
          <span class='badge white-text red'>HomePage_endToEndGuestScenarioByClickingProductTileGuestUSer - Test Case Failed</span>
        </td>
      </tr>
      <tr class="event-row">
        <td><span class="badge log fail-bg">Fail</span></td>
        <td>3:44:31 PM</td>
        <td>
          <span class='badge white-text red'>org.openqa.selenium.TimeoutException: Expected condition failed: waiting for title to be "Checkout". Current title: "Product" (tried for 5 second(s) with 500 milliseconds interval)
Build info: version: '4.9.0', revision: 'd7057100a6'
System info: os.name: 'Windows 11', os.arch: 'amd64', os.version: '10.0', java.version: '11.0.19'
Driver info: org.openqa.selenium.chrome.ChromeDriver
Capabilities {acceptInsecureCerts: false, browserName: chrome, browserVersion: 115.0.5790.171, chrome: {chromedriverVersion: 114.0.5735.90 (386bc09e8f4f..., userDataDir: C:\Users\piyus\AppData\Loca...}, goog:chromeOptions: {debuggerAddress: localhost:56073}, networkConnectionEnabled: false, pageLoadStrategy: normal, platformName: WINDOWS, proxy: Proxy(), se:cdp: ws://localhost:56073/devtoo..., se:cdpVersion: 115.0.5790.171, setWindowRect: true, strictFileInteractability: false, timeouts: {implicit: 0, pageLoad: 300000, script: 30000}, unhandledPromptBehavior: dismiss and notify, webauthn:extension:credBlob: true, webauthn:extension:largeBlob: true, webauthn:extension:minPinLength: true, webauthn:extension:prf: true, webauthn:virtualAuthenticators: true}
Session ID: ccddcd95cac597835d6752586b6a3e5d - Test Case Failed</span>
        </td>
      </tr>
      <tr class="event-row">
        <td><span class="badge log fail-bg">Fail</span></td>
        <td>3:44:31 PM</td>
        <td>
          ScreenShot is Attached
        </td>
      </tr>
  </tbody>
</table>
</div>
          </div>
        </li>
        <li class="test-item"  status="fail" test-id="14"
          author=""
          tag=""
          device="">
          <div class="test-detail">
            <p class="name">HomePage_endToEndGuestScenarioByClickingQuickViewGuestUSer</p>
            <p class="text-sm">
              <span>3:44:31 PM</span> / <span>00:00:17:753</span>
              <span class="badge fail-bg log float-right">Fail</span>
            </p>
          </div>
          <div class="test-contents d-none">
<div class="detail-head">
<div class="p-v-10">
<div class="info">
<h5 class="test-status text-fail">HomePage_endToEndGuestScenarioByClickingQuickViewGuestUSer</h5>
<span class='badge badge-success'>08.09.2023 3:44:31 PM</span>
<span class='badge badge-danger'>08.09.2023 3:44:49 PM</span>
<span class='badge badge-default'>00:00:17:753</span>
&middot; <span class='uri-anchor badge badge-default'>#test-id=14</span>
<span class='badge badge-default pointer float-right ml-1 et'><i class="fa fa-chevron-down"></i></span>
<span class='badge badge-default pointer float-right ct'><i class="fa fa-chevron-up"></i></span>
</div>
</div>
</div>    <div class="row mb-3"><div class="col-md-3">
<img data-featherlight='C:\Users\garvi\eclipse-workspace\DotFashion\Screenshots\HomePage_endToEndGuestScenarioByClickingQuickViewGuestUSer_2023-08-09-03-44-49.png' src="C:\Users\garvi\eclipse-workspace\DotFashion\Screenshots\HomePage_endToEndGuestScenarioByClickingQuickViewGuestUSer_2023-08-09-03-44-49.png">
    
    </div></div>
<div class="detail-body mt-4">
<table class="table table-sm">
  <thead><tr><th class="status-col">Status</th><th class="timestamp-col">Timestamp</th><th class="details-col">Details</th></tr></thead>
  <tbody>
      <tr class="event-row">
        <td><span class="badge log fail-bg">Fail</span></td>
        <td>3:44:49 PM</td>
        <td>
          <span class='badge white-text red'>HomePage_endToEndGuestScenarioByClickingQuickViewGuestUSer - Test Case Failed</span>
        </td>
      </tr>
      <tr class="event-row">
        <td><span class="badge log fail-bg">Fail</span></td>
        <td>3:44:49 PM</td>
        <td>
          <span class='badge white-text red'>org.openqa.selenium.NoSuchElementException: no such element: Unable to locate element: {"method":"xpath","selector":"//*[@id='sg-counterCountInput']"}
  (Session info: chrome=115.0.5790.171)
For documentation on this error, please visit: https://selenium.dev/exceptions/#no_such_element
Build info: version: '4.9.0', revision: 'd7057100a6'
System info: os.name: 'Windows 11', os.arch: 'amd64', os.version: '10.0', java.version: '11.0.19'
Driver info: org.openqa.selenium.chrome.ChromeDriver
Command: [b83d8107d10baa22fa183e28e6d02623, findElement {using=xpath, value=//*[@id='sg-counterCountInput']}]
Capabilities {acceptInsecureCerts: false, browserName: chrome, browserVersion: 115.0.5790.171, chrome: {chromedriverVersion: 114.0.5735.90 (386bc09e8f4f..., userDataDir: C:\Users\piyus\AppData\Loca...}, goog:chromeOptions: {debuggerAddress: localhost:56128}, networkConnectionEnabled: false, pageLoadStrategy: normal, platformName: WINDOWS, proxy: Proxy(), se:cdp: ws://localhost:56128/devtoo..., se:cdpVersion: 115.0.5790.171, setWindowRect: true, strictFileInteractability: false, timeouts: {implicit: 0, pageLoad: 300000, script: 30000}, unhandledPromptBehavior: dismiss and notify, webauthn:extension:credBlob: true, webauthn:extension:largeBlob: true, webauthn:extension:minPinLength: true, webauthn:extension:prf: true, webauthn:virtualAuthenticators: true}
Session ID: b83d8107d10baa22fa183e28e6d02623 - Test Case Failed</span>
        </td>
      </tr>
      <tr class="event-row">
        <td><span class="badge log fail-bg">Fail</span></td>
        <td>3:44:49 PM</td>
        <td>
          ScreenShot is Attached
        </td>
      </tr>
  </tbody>
</table>
</div>
          </div>
        </li>
        <li class="test-item"  status="pass" test-id="15"
          author=""
          tag=""
          device="">
          <div class="test-detail">
            <p class="name">HomePage_shoutOutFromCustomers</p>
            <p class="text-sm">
              <span>3:44:49 PM</span> / <span>00:00:04:527</span>
              <span class="badge pass-bg log float-right">Pass</span>
            </p>
          </div>
          <div class="test-contents d-none">
<div class="detail-head">
<div class="p-v-10">
<div class="info">
<h5 class="test-status text-pass">HomePage_shoutOutFromCustomers</h5>
<span class='badge badge-success'>08.09.2023 3:44:49 PM</span>
<span class='badge badge-danger'>08.09.2023 3:44:54 PM</span>
<span class='badge badge-default'>00:00:04:527</span>
&middot; <span class='uri-anchor badge badge-default'>#test-id=15</span>
<span class='badge badge-default pointer float-right ml-1 et'><i class="fa fa-chevron-down"></i></span>
<span class='badge badge-default pointer float-right ct'><i class="fa fa-chevron-up"></i></span>
</div>
</div>
</div><div class="detail-body mt-4">
<table class="table table-sm">
  <thead><tr><th class="status-col">Status</th><th class="timestamp-col">Timestamp</th><th class="details-col">Details</th></tr></thead>
  <tbody>
      <tr class="event-row">
        <td><span class="badge log pass-bg">Pass</span></td>
        <td>3:44:54 PM</td>
        <td>
          Pass Test case is: HomePage_shoutOutFromCustomers
        </td>
      </tr>
  </tbody>
</table>
</div>
          </div>
        </li>
        <li class="test-item"  status="fail" test-id="16"
          author=""
          tag=""
          device="">
          <div class="test-detail">
            <p class="name">TitleVerification</p>
            <p class="text-sm">
              <span>3:44:54 PM</span> / <span>00:00:04:072</span>
              <span class="badge fail-bg log float-right">Fail</span>
            </p>
          </div>
          <div class="test-contents d-none">
<div class="detail-head">
<div class="p-v-10">
<div class="info">
<h5 class="test-status text-fail">TitleVerification</h5>
<span class='badge badge-success'>08.09.2023 3:44:54 PM</span>
<span class='badge badge-danger'>08.09.2023 3:44:58 PM</span>
<span class='badge badge-default'>00:00:04:072</span>
&middot; <span class='uri-anchor badge badge-default'>#test-id=16</span>
<span class='badge badge-default pointer float-right ml-1 et'><i class="fa fa-chevron-down"></i></span>
<span class='badge badge-default pointer float-right ct'><i class="fa fa-chevron-up"></i></span>
</div>
</div>
</div>    <div class="row mb-3"><div class="col-md-3">
<img data-featherlight='C:\Users\garvi\eclipse-workspace\DotFashion\Screenshots\TitleVerification_2023-08-09-03-44-58.png' src="C:\Users\garvi\eclipse-workspace\DotFashion\Screenshots\TitleVerification_2023-08-09-03-44-58.png">
    
    </div></div>
<div class="detail-body mt-4">
<table class="table table-sm">
  <thead><tr><th class="status-col">Status</th><th class="timestamp-col">Timestamp</th><th class="details-col">Details</th></tr></thead>
  <tbody>
      <tr class="event-row">
        <td><span class="badge log fail-bg">Fail</span></td>
        <td>3:44:58 PM</td>
        <td>
          <span class='badge white-text red'>TitleVerification - Test Case Failed</span>
        </td>
      </tr>
      <tr class="event-row">
        <td><span class="badge log fail-bg">Fail</span></td>
        <td>3:44:58 PM</td>
        <td>
          <span class='badge white-text red'>java.lang.AssertionError: Title Not Verified expected [dotkonnekt] but found [drupalpoc] - Test Case Failed</span>
        </td>
      </tr>
      <tr class="event-row">
        <td><span class="badge log fail-bg">Fail</span></td>
        <td>3:44:58 PM</td>
        <td>
          ScreenShot is Attached
        </td>
      </tr>
  </tbody>
</table>
</div>
          </div>
        </li>
      </ul>
    </div>
  </div>
<div class="test-content scrollable">
<div class="test-content-tools">
<ul><li><a class="back-to-test" href="#"><i class="fa fa-arrow-left"></i></a></li></ul>
</div>
<div class="test-content-detail"><div class="detail-body"></div></div>
</div></div>
        </div>
      </div>
    </div>
  </div>
<script src="https://cdn.jsdelivr.net/gh/extent-framework/extent-github-cdn@d6562a79075e061305ccfdb82f01e5e195e2d307/spark/js/spark-script.js"></script>
<script type="text/javascript"></script></body>
</html>